<?xml version="1.0" encoding="UTF-8"?>
<!-- Generated by org.testng.reporters.JUnitReportReporter -->
<testsuite hostname="LAPTOP-50ENJGQ1" name="com.amazon.TestScripts.TC_002" tests="1" failures="0" timestamp="8 Feb 2018 05:36:20 GMT" time="46.645" errors="0">
  <testcase name="Script001" time="46.645" classname="com.amazon.TestScripts.TC_002"/>
</testsuite> <!-- com.amazon.TestScripts.TC_002 -->
