<?xml version="1.0" encoding="UTF-8"?>
<!-- Generated by org.testng.reporters.JUnitReportReporter -->
<testsuite hostname="LAPTOP-50ENJGQ1" name="com.amazon.TestScripts.TC_001" tests="1" failures="0" timestamp="8 Feb 2018 05:50:04 GMT" time="87.269" errors="0">
  <testcase name="ProductOrdering" time="87.269" classname="com.amazon.TestScripts.TC_001"/>
</testsuite> <!-- com.amazon.TestScripts.TC_001 -->
